1621086351179	mozrunner::runner	INFO	Running command: "C:\\Program Files\\Mozilla Firefox\\firefox.exe" "-marionette" "-foreground" "-no-remote" "-profile" "C:\\Users\\adixit\\AppData\\Local\\Temp\\rust_mozprofile.p81jM2s0kBHJ"
Can't find symbol 'eglSwapBuffersWithDamageEXT'.
Can't find symbol 'eglSetDamageRegionKHR'.
JavaScript error: resource://gre/modules/XULStore.jsm, line 66: Error: Can't find profile directory.
console.warn: SearchSettings: "get: No settings file exists, new profile?" (new Error("", "(unknown module)"))
1621086355978	Marionette	INFO	Listening on port 56972
1621086356278	Marionette	WARN	TLS certificate errors will be ignored for this session
1621086365589	Marionette	INFO	Stopped listening on port 56972

###!!! [Child][RunMessage] Error: Channel closing: too late to send/recv, messages will be lost

1621086369908	mozrunner::runner	INFO	Running command: "C:\\Program Files\\Mozilla Firefox\\firefox.exe" "-marionette" "-foreground" "-no-remote" "-profile" "C:\\Users\\adixit\\AppData\\Local\\Temp\\rust_mozprofile.466vL4a9DkmG"
Can't find symbol 'eglSwapBuffersWithDamageEXT'.
Can't find symbol 'eglSetDamageRegionKHR'.
JavaScript error: resource://gre/modules/XULStore.jsm, line 66: Error: Can't find profile directory.
console.warn: SearchSettings: "get: No settings file exists, new profile?" (new Error("", "(unknown module)"))
1621086374713	Marionette	INFO	Listening on port 57045
1621086375273	Marionette	WARN	TLS certificate errors will be ignored for this session
1621086387626	Marionette	INFO	Stopped listening on port 57045

###!!! [Child][RunMessage] Error: Channel closing: too late to send/recv, messages will be lost

1621092917972	mozrunner::runner	INFO	Running command: "C:\\Program Files\\Mozilla Firefox\\firefox.exe" "-marionette" "-foreground" "-no-remote" "-profile" "C:\\Users\\adixit\\AppData\\Local\\Temp\\rust_mozprofile.qE8SeORkgZrj"
Can't find symbol 'eglSwapBuffersWithDamageEXT'.
Can't find symbol 'eglSetDamageRegionKHR'.
JavaScript error: resource://gre/modules/XULStore.jsm, line 66: Error: Can't find profile directory.
console.warn: SearchSettings: "get: No settings file exists, new profile?" (new Error("", "(unknown module)"))
1621092922606	Marionette	INFO	Listening on port 62190
1621092922979	Marionette	WARN	TLS certificate errors will be ignored for this session
1621092932198	Marionette	INFO	Stopped listening on port 62190

###!!! [Child][RunMessage] Error: Channel closing: too late to send/recv, messages will be lost

1621092936395	mozrunner::runner	INFO	Running command: "C:\\Program Files\\Mozilla Firefox\\firefox.exe" "-marionette" "-foreground" "-no-remote" "-profile" "C:\\Users\\adixit\\AppData\\Local\\Temp\\rust_mozprofile.qspV48CAgE56"
Can't find symbol 'eglSwapBuffersWithDamageEXT'.
Can't find symbol 'eglSetDamageRegionKHR'.
JavaScript error: resource://gre/modules/XULStore.jsm, line 66: Error: Can't find profile directory.
console.warn: SearchSettings: "get: No settings file exists, new profile?" (new Error("", "(unknown module)"))
1621092941049	Marionette	INFO	Listening on port 62267
1621092941198	Marionette	WARN	TLS certificate errors will be ignored for this session
1621092952800	Marionette	INFO	Stopped listening on port 62267

###!!! [Child][RunMessage] Error: Channel closing: too late to send/recv, messages will be lost


###!!! [Child][RunMessage] Error: Channel closing: too late to send/recv, messages will be lost

1621093860801	mozrunner::runner	INFO	Running command: "C:\\Program Files\\Mozilla Firefox\\firefox.exe" "-marionette" "-foreground" "-no-remote" "-profile" "C:\\Users\\adixit\\AppData\\Local\\Temp\\rust_mozprofile.Db2cBSc1z288"
Can't find symbol 'eglSwapBuffersWithDamageEXT'.
Can't find symbol 'eglSetDamageRegionKHR'.
JavaScript error: resource://gre/modules/XULStore.jsm, line 66: Error: Can't find profile directory.
console.warn: SearchSettings: "get: No settings file exists, new profile?" (new Error("", "(unknown module)"))
1621093866973	Marionette	INFO	Listening on port 63122
1621093867315	Marionette	WARN	TLS certificate errors will be ignored for this session
1621093877564	Marionette	INFO	Stopped listening on port 63123

###!!! [Child][RunMessage] Error: Channel closing: too late to send/recv, messages will be lost

OT_INITIALIZED: 

###!!! [Child][RunMessage] Error: Channel closing: too late to send/recv, messages will be lost


###!!! [Child][RunMessage] Error: Channel closing: too late to send/recv, messages will be lost

1621184686885	mozrunner::runner	INFO	Running command: "C:\\Program Files\\Mozilla Firefox\\firefox.exe" "-marionette" "-foreground" "-no-remote" "-profile" "C:\\Users\\adixit\\AppData\\Local\\Temp\\rust_mozprofile.ULsXwb9jIG0m"
Can't find symbol 'eglSwapBuffersWithDamageEXT'.
Can't find symbol 'eglSetDamageRegionKHR'.
JavaScript error: resource://gre/modules/XULStore.jsm, line 66: Error: Can't find profile directory.
console.warn: SearchSettings: "get: No settings file exists, new profile?" (new Error("", "(unknown module)"))
1621184691245	Marionette	INFO	Listening on port 57828
1621184691285	Marionette	WARN	TLS certificate errors will be ignored for this session
1621184740275	Marionette	INFO	Stopped listening on port 57828

###!!! [Child][RunMessage] Error: Channel closing: too late to send/recv, messages will be lost

1621185036949	mozrunner::runner	INFO	Running command: "C:\\Program Files\\Mozilla Firefox\\firefox.exe" "-marionette" "-foreground" "-no-remote" "-profile" "C:\\Users\\adixit\\AppData\\Local\\Temp\\rust_mozprofile.6cK2XIVhk3UU"
Can't find symbol 'eglSwapBuffersWithDamageEXT'.
Can't find symbol 'eglSetDamageRegionKHR'.
JavaScript error: resource://gre/modules/XULStore.jsm, line 66: Error: Can't find profile directory.
console.warn: SearchSettings: "get: No settings file exists, new profile?" (new Error("", "(unknown module)"))
1621185041057	Marionette	INFO	Listening on port 57915
1621185041183	Marionette	WARN	TLS certificate errors will be ignored for this session
1621185165478	Marionette	INFO	Stopped listening on port 57915

###!!! [Child][RunMessage] Error: Channel closing: too late to send/recv, messages will be lost

